app/build/intermediates/manifest_merge_blame_file/debug/manifest-merger-blame-debug-report.txt
1<?xml version="1.0" encoding="utf-8"?>
2<manifest xmlns:android="http://schemas.android.com/apk/res/android"
3    package="com.emergency.patient"
4    android:versionCode="1"
5    android:versionName="1.0" >
6
7    <uses-sdk
8        android:minSdkVersion="26"
9        android:targetSdkVersion="34" />
10
11    <!-- ═══ Permissions ═══════════════════════════════════════════════════════ -->
12
13
14    <!-- Core emergency: SMS fallback and GPS fix -->
15    <uses-permission android:name="android.permission.SEND_SMS" />
15-->src\main\AndroidManifest.xml:7:5-66
15-->src\main\AndroidManifest.xml:7:22-64
16    <uses-permission android:name="android.permission.ACCESS_FINE_LOCATION" />
16-->src\main\AndroidManifest.xml:8:5-78
16-->src\main\AndroidManifest.xml:8:22-76
17    <uses-permission android:name="android.permission.ACCESS_COARSE_LOCATION" />
17-->src\main\AndroidManifest.xml:9:5-80
17-->src\main\AndroidManifest.xml:9:22-78
18    <uses-permission android:name="android.permission.RECEIVE_BOOT_COMPLETED" />
18-->src\main\AndroidManifest.xml:11:5-80
18-->src\main\AndroidManifest.xml:11:22-78
19
20    <!-- Battery: keep foreground service alive -->
21    <uses-permission android:name="android.permission.REQUEST_IGNORE_BATTERY_OPTIMIZATIONS" />
21-->src\main\AndroidManifest.xml:14:5-94
21-->src\main\AndroidManifest.xml:14:22-92
22    <uses-permission android:name="android.permission.FOREGROUND_SERVICE" />
22-->src\main\AndroidManifest.xml:15:5-76
22-->src\main\AndroidManifest.xml:15:22-74
23    <!-- Android 14+: must explicitly state foreground service type -->
24    <uses-permission android:name="android.permission.FOREGROUND_SERVICE_SPECIAL_USE" />
24-->src\main\AndroidManifest.xml:17:5-88
24-->src\main\AndroidManifest.xml:17:22-86
25
26    <!-- Network -->
27    <uses-permission android:name="android.permission.INTERNET" />
27-->src\main\AndroidManifest.xml:20:5-66
27-->src\main\AndroidManifest.xml:20:22-64
28    <uses-permission android:name="android.permission.ACCESS_NETWORK_STATE" />
28-->src\main\AndroidManifest.xml:21:5-78
28-->src\main\AndroidManifest.xml:21:22-76
29
30    <!-- Boot: restart service after reboot -->
31    <uses-permission android:name="android.permission.RECEIVE_BOOT_COMPLETED" />
31-->src\main\AndroidManifest.xml:11:5-80
31-->src\main\AndroidManifest.xml:11:22-78
32
33    <!-- CALL ALL button in EmergencyActiveActivity -->
34    <uses-permission android:name="android.permission.CALL_PHONE" />
34-->src\main\AndroidManifest.xml:27:5-68
34-->src\main\AndroidManifest.xml:27:22-66
35
36    <!-- Android 13+: Push notification display permission -->
37    <uses-permission android:name="android.permission.POST_NOTIFICATIONS" />
37-->src\main\AndroidManifest.xml:30:5-76
37-->src\main\AndroidManifest.xml:30:22-74
38
39    <!-- Document picker preview (for images on older Android) -->
40    <uses-permission
40-->src\main\AndroidManifest.xml:33:5-34:37
41        android:name="android.permission.READ_MEDIA_IMAGES"
41-->src\main\AndroidManifest.xml:33:22-73
42        android:maxSdkVersion="32" />
42-->src\main\AndroidManifest.xml:34:9-35
43    <uses-permission
43-->src\main\AndroidManifest.xml:35:5-36:37
44        android:name="android.permission.READ_EXTERNAL_STORAGE"
44-->src\main\AndroidManifest.xml:35:22-77
45        android:maxSdkVersion="32" />
45-->src\main\AndroidManifest.xml:36:9-35
46    <uses-permission android:name="android.permission.CAMERA" /> <!-- Don't require camera, as this requires a rear camera. This allows it to work on the Nexus 7 -->
46-->[com.journeyapps:zxing-android-embedded:4.3.0] AndroidManifest.xml:22:5-65
46-->[com.journeyapps:zxing-android-embedded:4.3.0] AndroidManifest.xml:22:22-62
47    <uses-feature
47-->[com.journeyapps:zxing-android-embedded:4.3.0] AndroidManifest.xml:25:5-27:36
48        android:name="android.hardware.camera"
48-->[com.journeyapps:zxing-android-embedded:4.3.0] AndroidManifest.xml:26:9-47
49        android:required="false" />
49-->[com.journeyapps:zxing-android-embedded:4.3.0] AndroidManifest.xml:27:9-33
50    <uses-feature
50-->[com.journeyapps:zxing-android-embedded:4.3.0] AndroidManifest.xml:28:5-30:36
51        android:name="android.hardware.camera.front"
51-->[com.journeyapps:zxing-android-embedded:4.3.0] AndroidManifest.xml:29:9-53
52        android:required="false" /> <!-- TODO replace above two with next line after Android 4.2 -->
52-->[com.journeyapps:zxing-android-embedded:4.3.0] AndroidManifest.xml:30:9-33
53    <!-- <uses-feature android:name="android.hardware.camera.any"/> -->
54    <uses-feature
54-->[com.journeyapps:zxing-android-embedded:4.3.0] AndroidManifest.xml:33:5-35:36
55        android:name="android.hardware.camera.autofocus"
55-->[com.journeyapps:zxing-android-embedded:4.3.0] AndroidManifest.xml:34:9-57
56        android:required="false" />
56-->[com.journeyapps:zxing-android-embedded:4.3.0] AndroidManifest.xml:35:9-33
57    <uses-feature
57-->[com.journeyapps:zxing-android-embedded:4.3.0] AndroidManifest.xml:36:5-38:36
58        android:name="android.hardware.camera.flash"
58-->[com.journeyapps:zxing-android-embedded:4.3.0] AndroidManifest.xml:37:9-53
59        android:required="false" />
59-->[com.journeyapps:zxing-android-embedded:4.3.0] AndroidManifest.xml:38:9-33
60    <uses-feature
60-->[com.journeyapps:zxing-android-embedded:4.3.0] AndroidManifest.xml:39:5-41:36
61        android:name="android.hardware.screen.landscape"
61-->[com.journeyapps:zxing-android-embedded:4.3.0] AndroidManifest.xml:40:9-57
62        android:required="false" />
62-->[com.journeyapps:zxing-android-embedded:4.3.0] AndroidManifest.xml:41:9-33
63    <uses-feature
63-->[com.journeyapps:zxing-android-embedded:4.3.0] AndroidManifest.xml:42:5-44:36
64        android:name="android.hardware.wifi"
64-->[com.journeyapps:zxing-android-embedded:4.3.0] AndroidManifest.xml:43:9-45
65        android:required="false" />
65-->[com.journeyapps:zxing-android-embedded:4.3.0] AndroidManifest.xml:44:9-33
66    <uses-feature
66-->[com.google.android.gms:play-services-maps:18.1.0] AndroidManifest.xml:26:5-28:35
67        android:glEsVersion="0x00020000"
67-->[com.google.android.gms:play-services-maps:18.1.0] AndroidManifest.xml:27:9-41
68        android:required="true" />
68-->[com.google.android.gms:play-services-maps:18.1.0] AndroidManifest.xml:28:9-32
69
70    <queries>
70-->[com.google.android.gms:play-services-maps:18.1.0] AndroidManifest.xml:30:5-34:15
71
72        <!-- Needs to be explicitly declared on Android R+ -->
73        <package android:name="com.google.android.apps.maps" />
73-->[com.google.android.gms:play-services-maps:18.1.0] AndroidManifest.xml:33:9-64
73-->[com.google.android.gms:play-services-maps:18.1.0] AndroidManifest.xml:33:18-61
74    </queries>
75
76    <uses-permission android:name="android.permission.WAKE_LOCK" /> <!-- Required by older versions of Google Play services to create IID tokens -->
76-->[com.google.firebase:firebase-messaging:23.4.0] AndroidManifest.xml:24:5-68
76-->[com.google.firebase:firebase-messaging:23.4.0] AndroidManifest.xml:24:22-65
77    <uses-permission android:name="com.google.android.c2dm.permission.RECEIVE" />
77-->[com.google.firebase:firebase-messaging:23.4.0] AndroidManifest.xml:26:5-82
77-->[com.google.firebase:firebase-messaging:23.4.0] AndroidManifest.xml:26:22-79
78
79    <permission
79-->[androidx.core:core:1.9.0] AndroidManifest.xml:22:5-24:47
80        android:name="com.emergency.patient.DYNAMIC_RECEIVER_NOT_EXPORTED_PERMISSION"
80-->[androidx.core:core:1.9.0] AndroidManifest.xml:23:9-81
81        android:protectionLevel="signature" />
81-->[androidx.core:core:1.9.0] AndroidManifest.xml:24:9-44
82
83    <uses-permission android:name="com.emergency.patient.DYNAMIC_RECEIVER_NOT_EXPORTED_PERMISSION" /> <!-- ═══ Application ════════════════════════════════════════════════════════ -->
83-->[androidx.core:core:1.9.0] AndroidManifest.xml:26:5-97
83-->[androidx.core:core:1.9.0] AndroidManifest.xml:26:22-94
84    <application
84-->src\main\AndroidManifest.xml:39:5-164:19
85        android:allowBackup="true"
85-->src\main\AndroidManifest.xml:40:9-35
86        android:appComponentFactory="androidx.core.app.CoreComponentFactory"
86-->[androidx.core:core:1.9.0] AndroidManifest.xml:28:18-86
87        android:debuggable="true"
88        android:extractNativeLibs="false"
89        android:icon="@mipmap/ic_launcher"
89-->src\main\AndroidManifest.xml:41:9-43
90        android:label="@string/app_name"
90-->src\main\AndroidManifest.xml:42:9-41
91        android:roundIcon="@mipmap/ic_launcher_round"
91-->src\main\AndroidManifest.xml:43:9-54
92        android:supportsRtl="true"
92-->src\main\AndroidManifest.xml:44:9-35
93        android:testOnly="true"
94        android:theme="@style/Theme.AppCompat.Light.NoActionBar" >
94-->src\main\AndroidManifest.xml:45:9-65
95
96        <!-- ── Activities ──────────────────────────────────────────────────── -->
97
98
99        <!-- Entry point: Progressive Onboarding Funnel -> Dashboard -->
100        <activity
100-->src\main\AndroidManifest.xml:50:9-57:20
101            android:name="com.emergency.patient.activities.Step1BasicInfoActivity"
101-->src\main\AndroidManifest.xml:51:13-62
102            android:exported="true" >
102-->src\main\AndroidManifest.xml:52:13-36
103            <intent-filter>
103-->src\main\AndroidManifest.xml:53:13-56:29
104                <action android:name="android.intent.action.MAIN" />
104-->src\main\AndroidManifest.xml:54:17-68
104-->src\main\AndroidManifest.xml:54:25-66
105
106                <category android:name="android.intent.category.LAUNCHER" />
106-->src\main\AndroidManifest.xml:55:17-76
106-->src\main\AndroidManifest.xml:55:27-74
107            </intent-filter>
108        </activity>
109        <activity
109-->src\main\AndroidManifest.xml:59:9-61:39
110            android:name="com.emergency.patient.activities.Step1bEmergencyContactsActivity"
110-->src\main\AndroidManifest.xml:60:13-71
111            android:exported="false" />
111-->src\main\AndroidManifest.xml:61:13-37
112        <activity
112-->src\main\AndroidManifest.xml:63:9-65:39
113            android:name="com.emergency.patient.activities.Step2MedicalHistoryActivity"
113-->src\main\AndroidManifest.xml:64:13-67
114            android:exported="false" />
114-->src\main\AndroidManifest.xml:65:13-37
115        <activity
115-->src\main\AndroidManifest.xml:67:9-69:39
116            android:name="com.emergency.patient.activities.Step3VerifyResumeActivity"
116-->src\main\AndroidManifest.xml:68:13-65
117            android:exported="false" />
117-->src\main\AndroidManifest.xml:69:13-37
118        <activity
118-->src\main\AndroidManifest.xml:71:9-73:39
119            android:name="com.emergency.patient.activities.EditProfileActivity"
119-->src\main\AndroidManifest.xml:72:13-59
120            android:exported="false" />
120-->src\main\AndroidManifest.xml:73:13-37
121
122        <!-- The main app dashboard (formerly MainActivity) -->
123        <activity
123-->src\main\AndroidManifest.xml:76:9-78:39
124            android:name="com.emergency.patient.activities.DashboardActivity"
124-->src\main\AndroidManifest.xml:77:13-57
125            android:exported="false" />
125-->src\main\AndroidManifest.xml:78:13-37
126
127        <!-- Medical ID &amp; SOS launcher — appears above keyguard via notification tap -->
128        <activity
128-->src\main\AndroidManifest.xml:81:9-86:39
129            android:name="com.emergency.patient.activities.QuickAccessActivity"
129-->src\main\AndroidManifest.xml:82:13-59
130            android:excludeFromRecents="true"
130-->src\main\AndroidManifest.xml:85:13-46
131            android:exported="false"
131-->src\main\AndroidManifest.xml:86:13-37
132            android:showOnLockScreen="true"
132-->src\main\AndroidManifest.xml:83:13-44
133            android:turnScreenOn="true" />
133-->src\main\AndroidManifest.xml:84:13-40
134
135        <!-- Post-SOS active emergency dashboard -->
136        <activity
136-->src\main\AndroidManifest.xml:89:9-94:39
137            android:name="com.emergency.patient.activities.EmergencyActiveActivity"
137-->src\main\AndroidManifest.xml:90:13-63
138            android:exported="false"
138-->src\main\AndroidManifest.xml:94:13-37
139            android:screenOrientation="portrait"
139-->src\main\AndroidManifest.xml:93:13-49
140            android:showOnLockScreen="true"
140-->src\main\AndroidManifest.xml:91:13-44
141            android:turnScreenOn="true" />
141-->src\main\AndroidManifest.xml:92:13-40
142
143        <!-- AI document upload flow -->
144        <activity
144-->src\main\AndroidManifest.xml:97:9-99:39
145            android:name="com.emergency.patient.activities.DocumentUploadActivity"
145-->src\main\AndroidManifest.xml:98:13-62
146            android:exported="false" />
146-->src\main\AndroidManifest.xml:99:13-37
147
148        <!-- Human validation of AI-extracted data -->
149        <activity
149-->src\main\AndroidManifest.xml:102:9-104:39
150            android:name="com.emergency.patient.activities.ValidationActivity"
150-->src\main\AndroidManifest.xml:103:13-58
151            android:exported="false" />
151-->src\main\AndroidManifest.xml:104:13-37
152
153        <!-- ── Services ────────────────────────────────────────────────────── -->
154
155
156        <!-- Persistent foreground service — listens for screen-off events -->
157        <service
157-->src\main\AndroidManifest.xml:109:9-115:19
158            android:name="com.emergency.patient.services.EmergencyBackgroundService"
158-->src\main\AndroidManifest.xml:110:13-64
159            android:exported="false"
159-->src\main\AndroidManifest.xml:112:13-37
160            android:foregroundServiceType="specialUse" >
160-->src\main\AndroidManifest.xml:111:13-55
161            <property
161-->src\main\AndroidManifest.xml:113:13-114:106
162                android:name="android.app.PROPERTY_SPECIAL_USE_FGS_SUBTYPE"
162-->src\main\AndroidManifest.xml:113:23-82
163                android:value="Provides quick access to Medical ID and SOS from the lockscreen." />
163-->src\main\AndroidManifest.xml:114:23-103
164        </service>
165
166        <!-- FCM push notification handler -->
167        <service
167-->src\main\AndroidManifest.xml:118:9-124:19
168            android:name="com.emergency.patient.services.AppFirebaseMessagingService"
168-->src\main\AndroidManifest.xml:119:13-65
169            android:exported="false" >
169-->src\main\AndroidManifest.xml:120:13-37
170            <intent-filter>
170-->src\main\AndroidManifest.xml:121:13-123:29
171                <action android:name="com.google.firebase.MESSAGING_EVENT" />
171-->src\main\AndroidManifest.xml:122:17-77
171-->src\main\AndroidManifest.xml:122:25-75
172            </intent-filter>
173        </service>
174
175        <!-- ── Broadcast Receivers ─────────────────────────────────────────── -->
176
177
178        <!-- Restarts EmergencyBackgroundService after device reboot -->
179        <receiver
179-->src\main\AndroidManifest.xml:129:9-135:20
180            android:name="com.emergency.patient.services.BootReceiver"
180-->src\main\AndroidManifest.xml:130:13-50
181            android:exported="true" >
181-->src\main\AndroidManifest.xml:131:13-36
182            <intent-filter>
182-->src\main\AndroidManifest.xml:132:13-134:29
183                <action android:name="android.intent.action.BOOT_COMPLETED" />
183-->src\main\AndroidManifest.xml:133:17-78
183-->src\main\AndroidManifest.xml:133:25-76
184            </intent-filter>
185        </receiver>
186        <receiver
186-->src\main\AndroidManifest.xml:137:9-139:39
187            android:name="com.emergency.patient.services.NotificationDismissReceiver"
187-->src\main\AndroidManifest.xml:138:13-65
188            android:exported="false" />
188-->src\main\AndroidManifest.xml:139:13-37
189
190        <!-- ── File Providers ─────────────────────────────────────────────── -->
191        <provider
192            android:name="androidx.core.content.FileProvider"
192-->src\main\AndroidManifest.xml:143:13-62
193            android:authorities="com.emergency.patient.provider"
193-->src\main\AndroidManifest.xml:144:13-60
194            android:exported="false"
194-->src\main\AndroidManifest.xml:145:13-37
195            android:grantUriPermissions="true" >
195-->src\main\AndroidManifest.xml:146:13-47
196            <meta-data
196-->src\main\AndroidManifest.xml:147:13-149:58
197                android:name="android.support.FILE_PROVIDER_PATHS"
197-->src\main\AndroidManifest.xml:148:17-67
198                android:resource="@xml/provider_paths" />
198-->src\main\AndroidManifest.xml:149:17-55
199        </provider>
200
201        <!-- ── Metadata ───────────────────────────────────────────────────── -->
202
203
204        <!-- Google Maps API Key (set in local.properties as MAPS_API_KEY) -->
205        <meta-data
206            android:name="com.google.android.geo.API_KEY"
206-->src\main\AndroidManifest.xml:156:13-58
207            android:value="" />
207-->src\main\AndroidManifest.xml:157:13-44
208
209        <!-- Firebase sender ID (configured via google-services.json) -->
210        <meta-data
210-->src\main\AndroidManifest.xml:160:9-162:59
211            android:name="com.google.firebase.messaging.default_notification_channel_id"
211-->src\main\AndroidManifest.xml:161:13-89
212            android:value="emergency_extraction_channel" />
212-->src\main\AndroidManifest.xml:162:13-57
213
214        <activity
214-->[com.journeyapps:zxing-android-embedded:4.3.0] AndroidManifest.xml:47:9-53:63
215            android:name="com.journeyapps.barcodescanner.CaptureActivity"
215-->[com.journeyapps:zxing-android-embedded:4.3.0] AndroidManifest.xml:48:13-74
216            android:clearTaskOnLaunch="true"
216-->[com.journeyapps:zxing-android-embedded:4.3.0] AndroidManifest.xml:49:13-45
217            android:screenOrientation="sensorLandscape"
217-->[com.journeyapps:zxing-android-embedded:4.3.0] AndroidManifest.xml:50:13-56
218            android:stateNotNeeded="true"
218-->[com.journeyapps:zxing-android-embedded:4.3.0] AndroidManifest.xml:51:13-42
219            android:theme="@style/zxing_CaptureTheme"
219-->[com.journeyapps:zxing-android-embedded:4.3.0] AndroidManifest.xml:52:13-54
220            android:windowSoftInputMode="stateAlwaysHidden" /> <!-- Needs to be explicitly declared on P+ -->
220-->[com.journeyapps:zxing-android-embedded:4.3.0] AndroidManifest.xml:53:13-60
221        <uses-library
221-->[com.google.android.gms:play-services-maps:18.1.0] AndroidManifest.xml:39:9-41:40
222            android:name="org.apache.http.legacy"
222-->[com.google.android.gms:play-services-maps:18.1.0] AndroidManifest.xml:40:13-50
223            android:required="false" />
223-->[com.google.android.gms:play-services-maps:18.1.0] AndroidManifest.xml:41:13-37
224
225        <receiver
225-->[com.google.firebase:firebase-messaging:23.4.0] AndroidManifest.xml:29:9-40:20
226            android:name="com.google.firebase.iid.FirebaseInstanceIdReceiver"
226-->[com.google.firebase:firebase-messaging:23.4.0] AndroidManifest.xml:30:13-78
227            android:exported="true"
227-->[com.google.firebase:firebase-messaging:23.4.0] AndroidManifest.xml:31:13-36
228            android:permission="com.google.android.c2dm.permission.SEND" >
228-->[com.google.firebase:firebase-messaging:23.4.0] AndroidManifest.xml:32:13-73
229            <intent-filter>
229-->[com.google.firebase:firebase-messaging:23.4.0] AndroidManifest.xml:33:13-35:29
230                <action android:name="com.google.android.c2dm.intent.RECEIVE" />
230-->[com.google.firebase:firebase-messaging:23.4.0] AndroidManifest.xml:34:17-81
230-->[com.google.firebase:firebase-messaging:23.4.0] AndroidManifest.xml:34:25-78
231            </intent-filter>
232
233            <meta-data
233-->[com.google.firebase:firebase-messaging:23.4.0] AndroidManifest.xml:37:13-39:40
234                android:name="com.google.android.gms.cloudmessaging.FINISHED_AFTER_HANDLED"
234-->[com.google.firebase:firebase-messaging:23.4.0] AndroidManifest.xml:38:17-92
235                android:value="true" />
235-->[com.google.firebase:firebase-messaging:23.4.0] AndroidManifest.xml:39:17-37
236        </receiver>
237        <!--
238             FirebaseMessagingService performs security checks at runtime,
239             but set to not exported to explicitly avoid allowing another app to call it.
240        -->
241        <service
241-->[com.google.firebase:firebase-messaging:23.4.0] AndroidManifest.xml:46:9-53:19
242            android:name="com.google.firebase.messaging.FirebaseMessagingService"
242-->[com.google.firebase:firebase-messaging:23.4.0] AndroidManifest.xml:47:13-82
243            android:directBootAware="true"
243-->[com.google.firebase:firebase-messaging:23.4.0] AndroidManifest.xml:48:13-43
244            android:exported="false" >
244-->[com.google.firebase:firebase-messaging:23.4.0] AndroidManifest.xml:49:13-37
245            <intent-filter android:priority="-500" >
245-->src\main\AndroidManifest.xml:121:13-123:29
246                <action android:name="com.google.firebase.MESSAGING_EVENT" />
246-->src\main\AndroidManifest.xml:122:17-77
246-->src\main\AndroidManifest.xml:122:25-75
247            </intent-filter>
248        </service>
249        <service
249-->[com.google.firebase:firebase-messaging:23.4.0] AndroidManifest.xml:54:9-63:19
250            android:name="com.google.firebase.components.ComponentDiscoveryService"
250-->[com.google.firebase:firebase-messaging:23.4.0] AndroidManifest.xml:55:13-84
251            android:directBootAware="true"
251-->[com.google.firebase:firebase-common:20.4.2] AndroidManifest.xml:32:13-43
252            android:exported="false" >
252-->[com.google.firebase:firebase-messaging:23.4.0] AndroidManifest.xml:56:13-37
253            <meta-data
253-->[com.google.firebase:firebase-messaging:23.4.0] AndroidManifest.xml:57:13-59:85
254                android:name="com.google.firebase.components:com.google.firebase.messaging.FirebaseMessagingKtxRegistrar"
254-->[com.google.firebase:firebase-messaging:23.4.0] AndroidManifest.xml:58:17-122
255                android:value="com.google.firebase.components.ComponentRegistrar" />
255-->[com.google.firebase:firebase-messaging:23.4.0] AndroidManifest.xml:59:17-82
256            <meta-data
256-->[com.google.firebase:firebase-messaging:23.4.0] AndroidManifest.xml:60:13-62:85
257                android:name="com.google.firebase.components:com.google.firebase.messaging.FirebaseMessagingRegistrar"
257-->[com.google.firebase:firebase-messaging:23.4.0] AndroidManifest.xml:61:17-119
258                android:value="com.google.firebase.components.ComponentRegistrar" />
258-->[com.google.firebase:firebase-messaging:23.4.0] AndroidManifest.xml:62:17-82
259            <meta-data
259-->[com.google.firebase:firebase-installations:17.2.0] AndroidManifest.xml:15:13-17:85
260                android:name="com.google.firebase.components:com.google.firebase.installations.FirebaseInstallationsKtxRegistrar"
260-->[com.google.firebase:firebase-installations:17.2.0] AndroidManifest.xml:16:17-130
261                android:value="com.google.firebase.components.ComponentRegistrar" />
261-->[com.google.firebase:firebase-installations:17.2.0] AndroidManifest.xml:17:17-82
262            <meta-data
262-->[com.google.firebase:firebase-installations:17.2.0] AndroidManifest.xml:18:13-20:85
263                android:name="com.google.firebase.components:com.google.firebase.installations.FirebaseInstallationsRegistrar"
263-->[com.google.firebase:firebase-installations:17.2.0] AndroidManifest.xml:19:17-127
264                android:value="com.google.firebase.components.ComponentRegistrar" />
264-->[com.google.firebase:firebase-installations:17.2.0] AndroidManifest.xml:20:17-82
265            <meta-data
265-->[com.google.firebase:firebase-common-ktx:20.4.2] AndroidManifest.xml:12:13-14:85
266                android:name="com.google.firebase.components:com.google.firebase.ktx.FirebaseCommonLegacyRegistrar"
266-->[com.google.firebase:firebase-common-ktx:20.4.2] AndroidManifest.xml:13:17-116
267                android:value="com.google.firebase.components.ComponentRegistrar" />
267-->[com.google.firebase:firebase-common-ktx:20.4.2] AndroidManifest.xml:14:17-82
268            <meta-data
268-->[com.google.firebase:firebase-common:20.4.2] AndroidManifest.xml:35:13-37:85
269                android:name="com.google.firebase.components:com.google.firebase.FirebaseCommonKtxRegistrar"
269-->[com.google.firebase:firebase-common:20.4.2] AndroidManifest.xml:36:17-109
270                android:value="com.google.firebase.components.ComponentRegistrar" />
270-->[com.google.firebase:firebase-common:20.4.2] AndroidManifest.xml:37:17-82
271            <meta-data
271-->[com.google.firebase:firebase-datatransport:18.1.7] AndroidManifest.xml:27:13-29:85
272                android:name="com.google.firebase.components:com.google.firebase.datatransport.TransportRegistrar"
272-->[com.google.firebase:firebase-datatransport:18.1.7] AndroidManifest.xml:28:17-115
273                android:value="com.google.firebase.components.ComponentRegistrar" />
273-->[com.google.firebase:firebase-datatransport:18.1.7] AndroidManifest.xml:29:17-82
274        </service>
275        <service
275-->[androidx.room:room-runtime:2.6.1] AndroidManifest.xml:24:9-28:63
276            android:name="androidx.room.MultiInstanceInvalidationService"
276-->[androidx.room:room-runtime:2.6.1] AndroidManifest.xml:25:13-74
277            android:directBootAware="true"
277-->[androidx.room:room-runtime:2.6.1] AndroidManifest.xml:26:13-43
278            android:exported="false" />
278-->[androidx.room:room-runtime:2.6.1] AndroidManifest.xml:27:13-37
279
280        <activity
280-->[com.google.android.gms:play-services-base:18.1.0] AndroidManifest.xml:20:9-22:45
281            android:name="com.google.android.gms.common.api.GoogleApiActivity"
281-->[com.google.android.gms:play-services-base:18.1.0] AndroidManifest.xml:20:19-85
282            android:exported="false"
282-->[com.google.android.gms:play-services-base:18.1.0] AndroidManifest.xml:22:19-43
283            android:theme="@android:style/Theme.Translucent.NoTitleBar" />
283-->[com.google.android.gms:play-services-base:18.1.0] AndroidManifest.xml:21:19-78
284
285        <provider
285-->[com.google.firebase:firebase-common:20.4.2] AndroidManifest.xml:23:9-28:39
286            android:name="com.google.firebase.provider.FirebaseInitProvider"
286-->[com.google.firebase:firebase-common:20.4.2] AndroidManifest.xml:24:13-77
287            android:authorities="com.emergency.patient.firebaseinitprovider"
287-->[com.google.firebase:firebase-common:20.4.2] AndroidManifest.xml:25:13-72
288            android:directBootAware="true"
288-->[com.google.firebase:firebase-common:20.4.2] AndroidManifest.xml:26:13-43
289            android:exported="false"
289-->[com.google.firebase:firebase-common:20.4.2] AndroidManifest.xml:27:13-37
290            android:initOrder="100" />
290-->[com.google.firebase:firebase-common:20.4.2] AndroidManifest.xml:28:13-36
291
292        <meta-data
292-->[com.google.android.gms:play-services-basement:18.1.0] AndroidManifest.xml:21:9-23:69
293            android:name="com.google.android.gms.version"
293-->[com.google.android.gms:play-services-basement:18.1.0] AndroidManifest.xml:22:13-58
294            android:value="@integer/google_play_services_version" />
294-->[com.google.android.gms:play-services-basement:18.1.0] AndroidManifest.xml:23:13-66
295
296        <provider
296-->[androidx.emoji2:emoji2:1.2.0] AndroidManifest.xml:24:9-32:20
297            android:name="androidx.startup.InitializationProvider"
297-->[androidx.emoji2:emoji2:1.2.0] AndroidManifest.xml:25:13-67
298            android:authorities="com.emergency.patient.androidx-startup"
298-->[androidx.emoji2:emoji2:1.2.0] AndroidManifest.xml:26:13-68
299            android:exported="false" >
299-->[androidx.emoji2:emoji2:1.2.0] AndroidManifest.xml:27:13-37
300            <meta-data
300-->[androidx.emoji2:emoji2:1.2.0] AndroidManifest.xml:29:13-31:52
301                android:name="androidx.emoji2.text.EmojiCompatInitializer"
301-->[androidx.emoji2:emoji2:1.2.0] AndroidManifest.xml:30:17-75
302                android:value="androidx.startup" />
302-->[androidx.emoji2:emoji2:1.2.0] AndroidManifest.xml:31:17-49
303            <meta-data
303-->[androidx.lifecycle:lifecycle-process:2.4.1] AndroidManifest.xml:31:13-33:52
304                android:name="androidx.lifecycle.ProcessLifecycleInitializer"
304-->[androidx.lifecycle:lifecycle-process:2.4.1] AndroidManifest.xml:32:17-78
305                android:value="androidx.startup" />
305-->[androidx.lifecycle:lifecycle-process:2.4.1] AndroidManifest.xml:33:17-49
306        </provider>
307
308        <service
308-->[com.google.android.datatransport:transport-backend-cct:3.1.8] AndroidManifest.xml:28:9-34:19
309            android:name="com.google.android.datatransport.runtime.backends.TransportBackendDiscovery"
309-->[com.google.android.datatransport:transport-backend-cct:3.1.8] AndroidManifest.xml:29:13-103
310            android:exported="false" >
310-->[com.google.android.datatransport:transport-backend-cct:3.1.8] AndroidManifest.xml:30:13-37
311            <meta-data
311-->[com.google.android.datatransport:transport-backend-cct:3.1.8] AndroidManifest.xml:31:13-33:39
312                android:name="backend:com.google.android.datatransport.cct.CctBackendFactory"
312-->[com.google.android.datatransport:transport-backend-cct:3.1.8] AndroidManifest.xml:32:17-94
313                android:value="cct" />
313-->[com.google.android.datatransport:transport-backend-cct:3.1.8] AndroidManifest.xml:33:17-36
314        </service>
315        <service
315-->[com.google.android.datatransport:transport-runtime:3.1.8] AndroidManifest.xml:26:9-30:19